<?xml version="1.0" encoding="UTF-8"?>
<!-- Generated by org.testng.reporters.JUnitReportReporter -->
<testsuite hostname="CDC2-D-CH0SXJ2" name="com.tests.TestNG" tests="3" failures="0" timestamp="11 Jul 2019 09:59:33 GMT" time="0.016" errors="0">
  <testcase name="testTwitter" time="0.001" classname="com.tests.TestNG"/>
  <testcase name="testGoogle" time="0.015" classname="com.tests.TestNG"/>
  <testcase name="testFacebook" time="0.000" classname="com.tests.TestNG"/>
</testsuite> <!-- com.tests.TestNG -->
