<?xml version="1.0" encoding="UTF-8"?>
<!-- Generated by org.testng.reporters.JUnitReportReporter -->
<testsuite hostname="CDC2-D-CH0SXJ2" name="com.tests.NewTest" tests="1" failures="0" timestamp="11 Jul 2019 05:32:51 GMT" time="0.008" errors="0">
  <testcase name="f" time="0.008" classname="com.tests.NewTest"/>
</testsuite> <!-- com.tests.NewTest -->
